android/app/build/outputs/mapping/release/seeds.txt
com.example.islami.MainActivity
com.example.islami.MainActivity: MainActivity()
...
io.flutter.embedding.engine.FlutterJNI: java.lang.String TAG
com.google.android.gms.internal.measurement.zzfn$zzb: boolean zzg
io.flutter.embedding.engine.FlutterJNI: io.flutter.plugin.localization.LocalizationPlugin localizationPlugin
com.google.android.gms.internal.measurement.zzfn$zzg: long zzh
io.flutter.plugin.platform.SingleViewPresentation: android.view.View$OnFocusChangeListener focusChangeListener
com.google.firestore.v1.RunAggregationQueryRequest: int STRUCTURED_AGGREGATION_QUERY_FIELD_NUMBER
com.google.android.gms.internal.measurement.zzfj$zza: com.google.android.gms.internal.measurement.zzjq zzh
com.google.firestore.v1.RunAggregationQueryRequest: int NEW_TRANSACTION_FIELD_NUMBER
io.flutter.embedding.engine.plugins.lifecycle.HiddenLifecycleReference: androidx.lifecycle.Lifecycle lifecycle
com.google.android.gms.internal.measurement.zzft$zzc: com.google.android.gms.internal.measurement.zzld zzd
com.google.firestore.v1.TargetChange: com.google.firestore.v1.TargetChange DEFAULT_INSTANCE
com.google.firestore.v1.StructuredQuery: com.google.protobuf.Internal$ProtobufList from_
io.flutter.view.FlutterCallbackInformation: java.lang.String callbackLibraryPath
io.flutter.embedding.engine.FlutterJNI: java.lang.String vmServiceUri
com.google.android.gms.internal.measurement.zzft$zzb: int zze
kotlinx.coroutines.channels.BufferedChannel: java.lang.Object _closeCause
kotlinx.coroutines.CancellableContinuationImpl: java.lang.Object _state
com.google.android.gms.signin.internal.zaa: android.os.Parcelable$Creator CREATOR
com.google.firestore.v1.DocumentRemove: com.google.protobuf.Timestamp readTime_
com.google.firestore.v1.WriteResponse: com.google.protobuf.ByteString streamToken_
com.google.firestore.v1.Precondition: int conditionTypeCase_
com.google.android.gms.dynamite.descriptors.com.google.android.gms.measurement.dynamite.ModuleDescriptor: int MODULE_VERSION
com.google.firestore.v1.DocumentDelete: com.google.firestore.v1.DocumentDelete DEFAULT_INSTANCE
com.google.firestore.v1.StructuredQuery$FieldFilter: int op_
androidx.concurrent.futures.AbstractResolvableFuture: androidx.concurrent.futures.AbstractResolvableFuture$Waiter waiters
com.google.android.gms.internal.measurement.zzfj$zzg: com.google.android.gms.internal.measurement.zzfj$zzg zzc
com.google.rpc.Status: int CODE_FIELD_NUMBER
com.google.android.gms.internal.measurement.zzfn$zzg: double zzj
com.google.firestore.v1.Cursor: int VALUES_FIELD_NUMBER
com.google.protobuf.Timestamp: int NANOS_FIELD_NUMBER
com.google.firestore.v1.StructuredQuery$CollectionSelector: boolean allDescendants_
com.google.android.gms.internal.measurement.zzfn$zzb: com.google.android.gms.internal.measurement.zzld zzd
com.google.firestore.v1.AggregationResult: com.google.protobuf.Parser PARSER
com.google.firestore.v1.Value: int BOOLEAN_VALUE_FIELD_NUMBER
io.flutter.plugin.platform.SingleViewPresentation: io.flutter.plugin.platform.AccessibilityEventsDelegate accessibilityEventsDelegate
io.flutter.embedding.engine.renderer.FlutterRenderer$ImageTextureRegistryEntry: android.media.Image image
com.google.firebase.firestore.proto.MaybeDocument: int documentTypeCase_
com.google.firestore.admin.v1.Index: int STATE_FIELD_NUMBER
com.google.android.gms.internal.measurement.zzff$zzd: java.lang.String zzh
com.google.android.gms.internal.measurement.zzfn$zzj: boolean zzaf
kotlinx.coroutines.CancellableContinuationImpl: int _decisionAndIndex
com.google.firestore.v1.StructuredQuery$CollectionSelector: int ALL_DESCENDANTS_FIELD_NUMBER
com.google.firestore.v1.ListenRequest: int REMOVE_TARGET_FIELD_NUMBER
androidx.lifecycle.Lifecycle$Event: androidx.lifecycle.Lifecycle$Event ON_RESUME
com.google.android.gms.common.internal.zzk: android.os.Parcelable$Creator CREATOR
com.google.firestore.v1.ListenResponse: int DOCUMENT_CHANGE_FIELD_NUMBER
com.google.firestore.v1.TargetChange: com.google.protobuf.Timestamp readTime_
com.google.firestore.v1.TransactionOptions: int READ_WRITE_FIELD_NUMBER