android/app/build/outputs/mapping/release/mapping.txt
# compiler: R8
# compiler_version: 3.3.70
# min_api: 21
# common_typos_disable
# {"id":"com.android.tools.r8.mapping","version":"2.0"}
# pg_map_id: f385ca1
# pg_map_hash: SHA-256 f385ca183310d73023a7e81c69abe1159816b217f006e7dc8a72ddd6c1dda24e
...
io.grpc.internal.RetriableStream$Sublistener$1RetryBackoffRunnable$1 -> io.grpc.internal.b2$b0$b$a:
    io.grpc.internal.RetriableStream$Sublistener$1RetryBackoffRunnable this$2 -> m
io.grpc.internal.RetriableStream$Sublistener$2 -> io.grpc.internal.b2$b0$c:
    io.grpc.internal.RetriableStream$Sublistener this$1 -> m
io.grpc.internal.RetriableStream$Sublistener$3 -> io.grpc.internal.b2$b0$d:
    io.grpc.internal.RetriableStream$Sublistener this$1 -> n
    io.grpc.internal.RetriableStream$Substream val$newSubstream -> m
io.grpc.internal.RetriableStream$Sublistener$4 -> io.grpc.internal.b2$b0$e:
    io.grpc.internal.RetriableStream$Sublistener this$1 -> n
    io.grpc.internal.StreamListener$MessageProducer val$producer -> m
io.grpc.internal.RetriableStream$Sublistener$5 -> io.grpc.internal.b2$b0$f:
    io.grpc.internal.RetriableStream$Sublistener this$1 -> m
io.grpc.internal.RetriableStream$Substream -> io.grpc.internal.b2$c0:
    io.grpc.internal.ClientStream stream -> a
    int previousAttemptCount -> d
    boolean closed -> b
    boolean bufferLimitExceeded -> c
io.grpc.internal.RetriableStream$Throttle -> io.grpc.internal.b2$d0:
    java.util.concurrent.atomic.AtomicInteger tokenCount -> d
    int threshold -> b
    int tokenRatio -> c
    int maxTokens -> a
    boolean isAboveThreshold() -> a
    boolean onQualifiedFailureThenCheckIsAboveThreshold() -> b
    void onSuccess() -> c
io.grpc.internal.RetryPolicy -> io.grpc.internal.c2:
    java.util.Set retryableStatusCodes -> f
    long initialBackoffNanos -> b
    double backoffMultiplier -> d
    long maxBackoffNanos -> c
    java.lang.Long perAttemptRecvTimeoutNanos -> e
    int maxAttempts -> a
io.grpc.internal.RetryScheduler -> io.grpc.internal.d2:
    void schedule(java.lang.Runnable) -> a
io.grpc.internal.RetryingNameResolver -> io.grpc.internal.e2:
    io.grpc.NameResolver retriedNameResolver -> b
    io.grpc.internal.RetryScheduler retryScheduler -> c
    io.grpc.SynchronizationContext syncContext -> d
    io.grpc.Attributes$Key RESOLUTION_RESULT_LISTENER_KEY -> e
    void shutdown() -> c
    void start(io.grpc.NameResolver$Listener2) -> d
    io.grpc.SynchronizationContext access$000(io.grpc.internal.RetryingNameResolver) -> f
    io.grpc.internal.RetryScheduler access$100(io.grpc.internal.RetryingNameResolver) -> g
io.grpc.internal.RetryingNameResolver$DelayedNameResolverRefresh -> io.grpc.internal.e2$a:
    io.grpc.internal.RetryingNameResolver this$0 -> m
io.grpc.internal.RetryingNameResolver$ResolutionResultListener -> io.grpc.internal.e2$b:
    io.grpc.internal.RetryingNameResolver this$0 -> a
    void resolutionAttempted(boolean) -> a
io.grpc.internal.RetryingNameResolver$RetryingListener -> io.grpc.internal.e2$c:
    io.grpc.NameResolver$Listener2 delegateListener -> a
    io.grpc.internal.RetryingNameResolver this$0 -> b
    void onError(io.grpc.Status) -> a
    void onResult(io.grpc.NameResolver$ResolutionResult) -> c
    void $r8$lambda$69j93ny49DAp3zNvkCilEjKJ_q4(io.grpc.internal.RetryingNameResolver$RetryingListener) -> d
      # {"id":"com.android.tools.r8.synthesized"}
    void lambda$onError$0() -> e