android/app/build/outputs/mapping/release/usage.txt
com.example.islami.BuildConfig
com.example.islami.R$anim
com.example.islami.R$animator
com.example.islami.R$attr
com.example.islami.R$color
com.example.islami.R$dimen
com.example.islami.R$drawable
com.example.islami.R$id
com.example.islami.R$integer
com.example.islami.R$layout
com.example.islami.R$mipmap
com.example.islami.R$raw
com.example.islami.R$string
com.example.islami.R$style
com.example.islami.R$styleable
com.example.islami.R$xml
com.example.islami.R
...
com.google.common.util.concurrent.InterruptibleTask$DoNothingRunnable
com.google.common.util.concurrent.InterruptibleTask
com.google.common.util.concurrent.JdkFutureAdapters$ListenableFutureAdapter
com.google.common.util.concurrent.JdkFutureAdapters
com.google.common.util.concurrent.ListenableFutureTask
com.google.common.util.concurrent.ListenableScheduledFuture
com.google.common.util.concurrent.ListenerCallQueue$Event
com.google.common.util.concurrent.ListenerCallQueue$PerListenerQueue
com.google.common.util.concurrent.ListenerCallQueue
com.google.common.util.concurrent.ListeningExecutorService
com.google.common.util.concurrent.ListeningScheduledExecutorService
com.google.common.util.concurrent.Monitor$Guard
com.google.common.util.concurrent.Monitor
com.google.common.util.concurrent.MoreExecutors$1
com.google.common.util.concurrent.MoreExecutors$2
com.google.common.util.concurrent.MoreExecutors$3
com.google.common.util.concurrent.MoreExecutors$4
com.google.common.util.concurrent.MoreExecutors$5
com.google.common.util.concurrent.MoreExecutors$Application$1
com.google.common.util.concurrent.MoreExecutors$Application
com.google.common.util.concurrent.MoreExecutors$DirectExecutorService
com.google.common.util.concurrent.MoreExecutors$ListeningDecorator
com.google.common.util.concurrent.MoreExecutors$ScheduledListeningDecorator$ListenableScheduledTask
com.google.common.util.concurrent.MoreExecutors$ScheduledListeningDecorator$NeverSuccessfulListenableFutureTask
com.google.common.util.concurrent.MoreExecutors$ScheduledListeningDecorator
com.google.common.util.concurrent.MoreExecutors:
    private void <init>()
    static synthetic void access$000(java.util.concurrent.ThreadPoolExecutor)
    public static void addDelayedShutdownHook(java.util.concurrent.ExecutorService,long,java.util.concurrent.TimeUnit)
    public static java.util.concurrent.ExecutorService getExitingExecutorService(java.util.concurrent.ThreadPoolExecutor)
    public static java.util.concurrent.ExecutorService getExitingExecutorService(java.util.concurrent.ThreadPoolExecutor,long,java.util.concurrent.TimeUnit)
    public static java.util.concurrent.ScheduledExecutorService getExitingScheduledExecutorService(java.util.concurrent.ScheduledThreadPoolExecutor)
    public static java.util.concurrent.ScheduledExecutorService getExitingScheduledExecutorService(java.util.concurrent.ScheduledThreadPoolExecutor,long,java.util.concurrent.TimeUnit)
    static java.lang.Object invokeAnyImpl(com.google.common.util.concurrent.ListeningExecutorService,java.util.Collection,boolean,long,java.util.concurrent.TimeUnit)
    private static boolean isAppEngineWithApiClasses()
    public static com.google.common.util.concurrent.ListeningExecutorService listeningDecorator(java.util.concurrent.ExecutorService)
    public static com.google.common.util.concurrent.ListeningScheduledExecutorService listeningDecorator(java.util.concurrent.ScheduledExecutorService)
    public static com.google.common.util.concurrent.ListeningExecutorService newDirectExecutorService()
com.google.common.util.concurrent.NullnessCasts
com.google.common.util.concurrent.OverflowAvoidingLockSupport
com.google.common.util.concurrent.ParametricNullness
com.google.common.util.concurrent.Partially$GwtIncompatible
com.google.common.util.concurrent.Partially
com.google.common.util.concurrent.Platform
com.google.common.util.concurrent.RateLimiter$SleepingStopwatch$1
com.google.common.util.concurrent.RateLimiter$SleepingStopwatch
com.google.common.util.concurrent.RateLimiter
com.google.common.util.concurrent.Runnables$1
com.google.common.util.concurrent.Runnables
com.google.common.util.concurrent.SequentialExecutor$1
com.google.common.util.concurrent.SequentialExecutor$QueueWorker
com.google.common.util.concurrent.SequentialExecutor$WorkerRunningState
com.google.common.util.concurrent.SequentialExecutor
com.google.common.util.concurrent.Service$Listener
com.google.common.util.concurrent.Service$State